2016-12-14 15:29:35,170 INFO  [GroovyKernel.run:256] Groovy Jupyter kernel starting.
2016-12-14 15:29:35,177 DEBUG [GroovyKernel.run:259] Parsing the connection file.
2016-12-14 15:29:35,600 DEBUG [GroovyKernel.run:262] Creating signing hmac with: d6aa74d0-4c71-4776-bd9b-b4e798441c4b
2016-12-14 15:29:35,611 INFO  [HmacSigner.<init>:47] Using signing hmac: d6aa74d0-4c71-4776-bd9b-b4e798441c4b
2016-12-14 15:29:41,238 INFO  [KernelInfoHandler.handle:43] Processing kernel info request
2016-12-14 15:29:41,245 DEBUG [KernelInfoHandler.handle:49] Sending kernel info reply.
2016-12-14 15:29:41,301 INFO  [ExecuteHandler.handle:52] Processing execute request
2016-12-14 15:29:41,337 DEBUG [ExecuteHandler.handle:83] Running: print "Hello"
2016-12-14 15:29:41,770 DEBUG [ExecuteHandler.handle:115] Result is Cell returned null.
2016-12-14 15:29:41,876 INFO  [KernelInfoHandler.handle:43] Processing kernel info request
2016-12-14 15:29:41,878 DEBUG [KernelInfoHandler.handle:49] Sending kernel info reply.
2016-12-14 15:29:41,889 WARN  [ShellThread.run:45] Unhandled message type: comm_open
2016-12-14 15:29:52,488 INFO  [ExecuteHandler.handle:52] Processing execute request
2016-12-14 15:29:52,495 DEBUG [ExecuteHandler.handle:83] Running: print("Hello")
2016-12-14 15:29:52,514 DEBUG [ExecuteHandler.handle:115] Result is Cell returned null.
2016-12-14 15:29:57,273 INFO  [ExecuteHandler.handle:52] Processing execute request
2016-12-14 15:29:57,279 DEBUG [ExecuteHandler.handle:83] Running: print("Hello")
2016-12-14 15:29:57,299 DEBUG [ExecuteHandler.handle:115] Result is Cell returned null.
2016-12-14 15:31:20,789 INFO  [ControlThread.run:45] Control handler received a shutdown request
2016-12-14 15:31:21,080 INFO  [GroovyKernel.run:298] Shutting down
2016-12-14 15:31:27,857 INFO  [GroovyKernel.run:256] Groovy Jupyter kernel starting.
2016-12-14 15:31:27,865 DEBUG [GroovyKernel.run:259] Parsing the connection file.
2016-12-14 15:31:28,219 DEBUG [GroovyKernel.run:262] Creating signing hmac with: d6aa74d0-4c71-4776-bd9b-b4e798441c4b
2016-12-14 15:31:28,229 INFO  [HmacSigner.<init>:47] Using signing hmac: d6aa74d0-4c71-4776-bd9b-b4e798441c4b
2016-12-14 15:31:37,574 INFO  [GroovyKernel.run:256] Groovy Jupyter kernel starting.
2016-12-14 15:31:37,580 DEBUG [GroovyKernel.run:259] Parsing the connection file.
2016-12-14 15:31:37,958 DEBUG [GroovyKernel.run:262] Creating signing hmac with: d6aa74d0-4c71-4776-bd9b-b4e798441c4b
2016-12-14 15:31:37,964 INFO  [HmacSigner.<init>:47] Using signing hmac: d6aa74d0-4c71-4776-bd9b-b4e798441c4b
2016-12-14 15:31:43,516 INFO  [KernelInfoHandler.handle:43] Processing kernel info request
2016-12-14 15:31:43,524 DEBUG [KernelInfoHandler.handle:49] Sending kernel info reply.
2016-12-14 15:31:51,888 INFO  [ControlThread.run:45] Control handler received a shutdown request
2016-12-14 15:31:52,195 INFO  [GroovyKernel.run:298] Shutting down
2016-12-14 15:32:12,518 INFO  [GroovyKernel.run:256] Groovy Jupyter kernel starting.
2016-12-14 15:32:12,524 DEBUG [GroovyKernel.run:259] Parsing the connection file.
2016-12-14 15:32:12,848 DEBUG [GroovyKernel.run:262] Creating signing hmac with: 863e5775-5e73-4aed-bd1d-673343e084cc
2016-12-14 15:32:12,858 INFO  [HmacSigner.<init>:47] Using signing hmac: 863e5775-5e73-4aed-bd1d-673343e084cc
2016-12-14 15:32:18,360 INFO  [KernelInfoHandler.handle:43] Processing kernel info request
2016-12-14 15:32:18,367 DEBUG [KernelInfoHandler.handle:49] Sending kernel info reply.
2016-12-14 15:32:18,422 INFO  [KernelInfoHandler.handle:43] Processing kernel info request
2016-12-14 15:32:18,423 DEBUG [KernelInfoHandler.handle:49] Sending kernel info reply.
2016-12-14 15:32:30,093 INFO  [ControlThread.run:45] Control handler received a shutdown request
2016-12-14 15:32:31,065 INFO  [GroovyKernel.run:298] Shutting down
2016-12-14 15:33:06,558 INFO  [GroovyKernel.run:256] Groovy Jupyter kernel starting.
2016-12-14 15:33:06,564 DEBUG [GroovyKernel.run:259] Parsing the connection file.
2016-12-14 15:33:06,913 DEBUG [GroovyKernel.run:262] Creating signing hmac with: b1daff64-058f-464a-9ca3-ea7ead087c15
2016-12-14 15:33:06,922 INFO  [HmacSigner.<init>:47] Using signing hmac: b1daff64-058f-464a-9ca3-ea7ead087c15
2016-12-14 15:33:12,444 INFO  [KernelInfoHandler.handle:43] Processing kernel info request
2016-12-14 15:33:12,451 DEBUG [KernelInfoHandler.handle:49] Sending kernel info reply.
2016-12-14 15:33:12,509 INFO  [ExecuteHandler.handle:52] Processing execute request
2016-12-14 15:33:12,551 DEBUG [ExecuteHandler.handle:83] Running: print("Hello world")
2016-12-14 15:33:12,981 DEBUG [ExecuteHandler.handle:115] Result is Cell returned null.
2016-12-14 15:33:13,037 INFO  [KernelInfoHandler.handle:43] Processing kernel info request
2016-12-14 15:33:13,044 DEBUG [KernelInfoHandler.handle:49] Sending kernel info reply.
2016-12-14 15:33:13,050 WARN  [ShellThread.run:45] Unhandled message type: comm_open
2016-12-14 15:33:53,272 INFO  [ExecuteHandler.handle:52] Processing execute request
2016-12-14 15:33:53,280 DEBUG [ExecuteHandler.handle:83] Running: print(sample)
2016-12-14 15:33:53,374 ERROR [ExecuteHandler.handle:127] Unable to execute code block.
groovy.lang.MissingPropertyException: No such property: sample for class: Script2
	at org.codehaus.groovy.runtime.ScriptBytecodeAdapter.unwrap(ScriptBytecodeAdapter.java:51) ~[jupyter-groovy-kernel-1.1.0.jar:na]
	at org.codehaus.groovy.runtime.callsite.PogoGetPropertySite.getProperty(PogoGetPropertySite.java:49) ~[jupyter-groovy-kernel-1.1.0.jar:na]
	at org.codehaus.groovy.runtime.callsite.AbstractCallSite.callGroovyObjectGetProperty(AbstractCallSite.java:304) ~[jupyter-groovy-kernel-1.1.0.jar:na]
	at Script2.run(Script2.groovy:1) ~[na:na]
	at Script2$run.call(Unknown Source) ~[na:na]
	at org.codehaus.groovy.runtime.callsite.CallSiteArray.defaultCall(CallSiteArray.java:45) [jupyter-groovy-kernel-1.1.0.jar:na]
	at Script1$run.call(Unknown Source) ~[na:na]
	at org.lappsgrid.jupyter.groovy.handler.ExecuteHandler.handle(ExecuteHandler.groovy:109) ~[jupyter-groovy-kernel-1.1.0.jar:na]
	at org.lappsgrid.jupyter.groovy.handler.IHandler$handle.call(Unknown Source) [jupyter-groovy-kernel-1.1.0.jar:na]
	at org.codehaus.groovy.runtime.callsite.CallSiteArray.defaultCall(CallSiteArray.java:45) [jupyter-groovy-kernel-1.1.0.jar:na]
	at org.lappsgrid.jupyter.groovy.handler.IHandler$handle.call(Unknown Source) [jupyter-groovy-kernel-1.1.0.jar:na]
	at org.lappsgrid.jupyter.groovy.threads.ShellThread.run(ShellThread.groovy:42) [jupyter-groovy-kernel-1.1.0.jar:na]
2016-12-14 15:34:02,941 INFO  [ControlThread.run:45] Control handler received a shutdown request
2016-12-14 15:34:03,240 INFO  [GroovyKernel.run:298] Shutting down
2016-12-14 15:34:09,988 INFO  [GroovyKernel.run:256] Groovy Jupyter kernel starting.
2016-12-14 15:34:09,993 DEBUG [GroovyKernel.run:259] Parsing the connection file.
2016-12-14 15:34:10,364 DEBUG [GroovyKernel.run:262] Creating signing hmac with: b1daff64-058f-464a-9ca3-ea7ead087c15
2016-12-14 15:34:10,376 INFO  [HmacSigner.<init>:47] Using signing hmac: b1daff64-058f-464a-9ca3-ea7ead087c15
2016-12-14 15:34:15,890 INFO  [KernelInfoHandler.handle:43] Processing kernel info request
2016-12-14 15:34:15,896 DEBUG [KernelInfoHandler.handle:49] Sending kernel info reply.
2016-12-14 15:34:34,039 INFO  [ControlThread.run:45] Control handler received a shutdown request
2016-12-14 15:34:34,617 INFO  [GroovyKernel.run:298] Shutting down
2016-12-14 15:35:17,091 INFO  [GroovyKernel.run:256] Groovy Jupyter kernel starting.
2016-12-14 15:35:17,096 DEBUG [GroovyKernel.run:259] Parsing the connection file.
2016-12-14 15:35:17,443 DEBUG [GroovyKernel.run:262] Creating signing hmac with: 89f6699d-384d-4e07-abf5-fcc7ffa99b92
2016-12-14 15:35:17,449 INFO  [HmacSigner.<init>:47] Using signing hmac: 89f6699d-384d-4e07-abf5-fcc7ffa99b92
2016-12-14 15:35:22,993 INFO  [KernelInfoHandler.handle:43] Processing kernel info request
2016-12-14 15:35:23,001 DEBUG [KernelInfoHandler.handle:49] Sending kernel info reply.
2016-12-14 15:35:23,070 INFO  [KernelInfoHandler.handle:43] Processing kernel info request
2016-12-14 15:35:23,071 DEBUG [KernelInfoHandler.handle:49] Sending kernel info reply.
2016-12-14 15:38:14,642 INFO  [ControlThread.run:45] Control handler received a shutdown request
2016-12-14 15:38:15,128 INFO  [GroovyKernel.run:298] Shutting down
